<?xml version="1.0" encoding="UTF-8"?>
<testng-results ignored="0" total="2" passed="1" failed="1" skipped="0">
  <reporter-output>
    <line>
      <![CDATA[ABC Abc
adb@mailinator.com]]>
    </line>
    <line>
      <![CDATA[ ]]>
    </line>
    <line>
      <![CDATA[Product Image Displayed]]>
    </line>
    <line>
      <![CDATA[ ]]>
    </line>
    <line>
      <![CDATA[Clicked on wishlist Icon]]>
    </line>
    <line>
      <![CDATA[ ]]>
    </line>
    <line>
      <![CDATA[Mirafit Gym Wall Flag - Fit Dont Quit has been added to your Wish List. Click here to continue shopping.]]>
    </line>
    <line>
      <![CDATA[ ]]>
    </line>
    <line>
      <![CDATA[Clicked on continue here link]]>
    </line>
    <line>
      <![CDATA[ ]]>
    </line>
    <line>
      <![CDATA[Clicked on product name link]]>
    </line>
    <line>
      <![CDATA[ ]]>
    </line>
    <line>
      <![CDATA[ The Product is IN STOCK]]>
    </line>
    <line>
      <![CDATA[ ]]>
    </line>
    <line>
      <![CDATA[1  Review Add Your Review]]>
    </line>
    <line>
      <![CDATA[ ]]>
    </line>
    <line>
      <![CDATA[Clicked on Add to cart button]]>
    </line>
    <line>
      <![CDATA[ ]]>
    </line>
    <line>
      <![CDATA[Navigated to cart page]]>
    </line>
    <line>
      <![CDATA[ ]]>
    </line>
    <line>
      <![CDATA[Clicked on Paypal Checkout button ]]>
    </line>
    <line>
      <![CDATA[ ]]>
    </line>
    <line>
      <![CDATA[Log in to your PayPal account]]>
    </line>
    <line>
      <![CDATA[ ]]>
    </line>
    <line>
      <![CDATA[The mail id is entered]]>
    </line>
    <line>
      <![CDATA[ ]]>
    </line>
    <line>
      <![CDATA[The password is entered]]>
    </line>
    <line>
      <![CDATA[ ]]>
    </line>
    <line>
      <![CDATA[Clicked on Login button]]>
    </line>
    <line>
      <![CDATA[ ]]>
    </line>
    <line>
      <![CDATA[Clicked on review order button]]>
    </line>
    <line>
      <![CDATA[ ]]>
    </line>
    <line>
      <![CDATA[Clicked on place order button]]>
    </line>
    <line>
      <![CDATA[ ]]>
    </line>
    <line>
      <![CDATA[Your order number is: 101486426]]>
    </line>
    <line>
      <![CDATA[ ]]>
    </line>
    <line>
      <![CDATA[We'll email you an order confirmation with details and tracking info.]]>
    </line>
    <line>
      <![CDATA[ ]]>
    </line>
    <line>
      <![CDATA[Clicked on log out]]>
    </line>
    <line>
      <![CDATA[ ]]>
    </line>
    <line>
      <![CDATA[Successfully Logged Out]]>
    </line>
    <line>
      <![CDATA[ ]]>
    </line>
    <line>
      <![CDATA[ABC Abc
adb@mailinator.com]]>
    </line>
    <line>
      <![CDATA[ ]]>
    </line>
    <line>
      <![CDATA[The product list on page is -11.95%
Mirafit Gym Wall Flag - Union Jack
£7.00 £7.95
ADD TO CART
Mirafit Gym Wall Flag - Fit Dont Quit
£7.95
ADD TO CART
Mirafit Men's Black Gym T-Shirt
Out of stock
Mirafit Women's Black Gym T-Shirt
From £17.95
VIEW DETAILS
Mirafit Men's White Gym T-Shirt
Out of stock
Mirafit Women's White Gym T-Shirt
From £17.95
VIEW DETAILS
Sale
Mirafit Grey Marl Gym T-Shirt
From £10.00
£17.95
VIEW DETAILS
Mirafit Men's Black Long Sleeve Base Layer
Out of stock
Mirafit Badge Patches
From £4.95
VIEW DETAILS
Mirafit Bumper Plate Drinks Coasters Set
£9.95
ADD TO CART
Mirafit Orange Gym T-Shirt
From £17.95
VIEW DETAILS
Mirafit Men's Fitted Gym T-Shirt
From £17.95
VIEW DETAILS]]>
    </line>
    <line>
      <![CDATA[Product Image Displayed]]>
    </line>
    <line>
      <![CDATA[ ]]>
    </line>
    <line>
      <![CDATA[Clicked on wishlist Icon]]>
    </line>
    <line>
      <![CDATA[ ]]>
    </line>
    <line>
      <![CDATA[Mirafit Gym Wall Flag - Fit Dont Quit has been added to your Wish List. Click here to continue shopping.]]>
    </line>
    <line>
      <![CDATA[ ]]>
    </line>
    <line>
      <![CDATA[Clicked on continue here link]]>
    </line>
    <line>
      <![CDATA[ ]]>
    </line>
    <line>
      <![CDATA[Clicked on product name link]]>
    </line>
    <line>
      <![CDATA[ ]]>
    </line>
    <line>
      <![CDATA[ The Product is IN STOCK]]>
    </line>
    <line>
      <![CDATA[ ]]>
    </line>
    <line>
      <![CDATA[1  Review Add Your Review]]>
    </line>
    <line>
      <![CDATA[ ]]>
    </line>
    <line>
      <![CDATA[Clicked on Add to cart button]]>
    </line>
    <line>
      <![CDATA[ ]]>
    </line>
    <line>
      <![CDATA[Navigated to cart page]]>
    </line>
    <line>
      <![CDATA[ ]]>
    </line>
    <line>
      <![CDATA[The URL for Checkout is https://preprod.mirafit.co.uk/onestepcheckout.html]]>
    </line>
    <line>
      <![CDATA[ ]]>
    </line>
  </reporter-output>
  <suite started-at="2022-11-17T17:00:27 IST" name="Suite" finished-at="2022-11-17T17:12:12 IST" duration-ms="704584">
    <groups>
    </groups>
    <test started-at="2022-11-17T17:00:27 IST" name="Test" finished-at="2022-11-17T17:12:12 IST" duration-ms="704584">
      <class name="Test_Classes.Mirafit_CheckOut_PayPalPre_CartPageProduction_Test">
        <test-method is-config="true" signature="OpenBrowser()[pri:0, instance:Test_Classes.Mirafit_CheckOut_PayPalPre_CartPageProduction_Test@306e95ec]" started-at="2022-11-17T17:00:27 IST" name="OpenBrowser" finished-at="2022-11-17T17:00:47 IST" duration-ms="20229" status="PASS">
          <reporter-output>
          </reporter-output>
        </test-method> <!-- OpenBrowser -->
        <test-method signature="Accessories()[pri:0, instance:Test_Classes.Mirafit_CheckOut_PayPalPre_CartPageProduction_Test@306e95ec]" started-at="2022-11-17T17:00:47 IST" name="Accessories" finished-at="2022-11-17T17:07:24 IST" duration-ms="397161" status="PASS">
          <reporter-output>
            <line>
              <![CDATA[ABC Abc
adb@mailinator.com]]>
            </line>
            <line>
              <![CDATA[ ]]>
            </line>
            <line>
              <![CDATA[Product Image Displayed]]>
            </line>
            <line>
              <![CDATA[ ]]>
            </line>
            <line>
              <![CDATA[Clicked on wishlist Icon]]>
            </line>
            <line>
              <![CDATA[ ]]>
            </line>
            <line>
              <![CDATA[Mirafit Gym Wall Flag - Fit Dont Quit has been added to your Wish List. Click here to continue shopping.]]>
            </line>
            <line>
              <![CDATA[ ]]>
            </line>
            <line>
              <![CDATA[Clicked on continue here link]]>
            </line>
            <line>
              <![CDATA[ ]]>
            </line>
            <line>
              <![CDATA[Clicked on product name link]]>
            </line>
            <line>
              <![CDATA[ ]]>
            </line>
            <line>
              <![CDATA[ The Product is IN STOCK]]>
            </line>
            <line>
              <![CDATA[ ]]>
            </line>
            <line>
              <![CDATA[1  Review Add Your Review]]>
            </line>
            <line>
              <![CDATA[ ]]>
            </line>
            <line>
              <![CDATA[Clicked on Add to cart button]]>
            </line>
            <line>
              <![CDATA[ ]]>
            </line>
            <line>
              <![CDATA[Navigated to cart page]]>
            </line>
            <line>
              <![CDATA[ ]]>
            </line>
            <line>
              <![CDATA[Clicked on Paypal Checkout button ]]>
            </line>
            <line>
              <![CDATA[ ]]>
            </line>
            <line>
              <![CDATA[Log in to your PayPal account]]>
            </line>
            <line>
              <![CDATA[ ]]>
            </line>
            <line>
              <![CDATA[The mail id is entered]]>
            </line>
            <line>
              <![CDATA[ ]]>
            </line>
            <line>
              <![CDATA[The password is entered]]>
            </line>
            <line>
              <![CDATA[ ]]>
            </line>
            <line>
              <![CDATA[Clicked on Login button]]>
            </line>
            <line>
              <![CDATA[ ]]>
            </line>
            <line>
              <![CDATA[Clicked on review order button]]>
            </line>
            <line>
              <![CDATA[ ]]>
            </line>
            <line>
              <![CDATA[Clicked on place order button]]>
            </line>
            <line>
              <![CDATA[ ]]>
            </line>
            <line>
              <![CDATA[Your order number is: 101486426]]>
            </line>
            <line>
              <![CDATA[ ]]>
            </line>
            <line>
              <![CDATA[We'll email you an order confirmation with details and tracking info.]]>
            </line>
            <line>
              <![CDATA[ ]]>
            </line>
            <line>
              <![CDATA[Clicked on log out]]>
            </line>
            <line>
              <![CDATA[ ]]>
            </line>
            <line>
              <![CDATA[Successfully Logged Out]]>
            </line>
            <line>
              <![CDATA[ ]]>
            </line>
          </reporter-output>
        </test-method> <!-- Accessories -->
        <test-method is-config="true" signature="closeBrowser()[pri:0, instance:Test_Classes.Mirafit_CheckOut_PayPalPre_CartPageProduction_Test@306e95ec]" started-at="2022-11-17T17:07:24 IST" name="closeBrowser" finished-at="2022-11-17T17:07:43 IST" duration-ms="18220" status="PASS">
          <reporter-output>
          </reporter-output>
        </test-method> <!-- closeBrowser -->
      </class> <!-- Test_Classes.Mirafit_CheckOut_PayPalPre_CartPageProduction_Test -->
      <class name="Test_Classes.Mirafit_CheckOut_Pre_Production_Test">
        <test-method is-config="true" signature="Open_Browser()[pri:0, instance:Test_Classes.Mirafit_CheckOut_Pre_Production_Test@6392827e]" started-at="2022-11-17T17:07:43 IST" name="Open_Browser" finished-at="2022-11-17T17:08:05 IST" duration-ms="22049" status="PASS">
          <reporter-output>
          </reporter-output>
        </test-method> <!-- Open_Browser -->
        <test-method signature="CheckOut()[pri:0, instance:Test_Classes.Mirafit_CheckOut_Pre_Production_Test@6392827e]" started-at="2022-11-17T17:08:05 IST" name="CheckOut" finished-at="2022-11-17T17:11:53 IST" duration-ms="228599" status="FAIL">
          <exception class="org.openqa.selenium.ElementClickInterceptedException">
            <message>
              <![CDATA[element click intercepted: Element <input type="radio" name="payment[method]" class="radio" data-bind="
                    attr: {'id': getCode()},
                    value: getCode(),
                    checked: isChecked,
                    click: selectPaymentMethod,
                    visible: isRadioButtonVisible()" id="braintree" value="braintree"> is not clickable at point (618, 503). Other element would receive the click: <div id="checkout-loader" data-role="checkout-loader" class="loading-mask">...</div>
  (Session info: chrome=107.0.5304.107)
Build info: version: '4.3.0', revision: 'a4995e2c09*'
System info: host: 'DESKTOP-18BP1P8', ip: '192.168.1.11', os.name: 'Windows 10', os.arch: 'amd64', os.version: '10.0', java.version: '11.0.8'
Driver info: org.openqa.selenium.chrome.ChromeDriver
Command: [a2b72df631cf4bb9ea6ba6879167dca7, clickElement {id=bde0f1b0-6b7b-43bc-9963-68ff84203586}]
Capabilities {acceptInsecureCerts: false, browserName: chrome, browserVersion: 107.0.5304.107, chrome: {chromedriverVersion: 107.0.5304.62 (1eec40d3a576..., userDataDir: C:\Users\gwl\AppData\Local\...}, goog:chromeOptions: {debuggerAddress: localhost:53828}, networkConnectionEnabled: false, pageLoadStrategy: normal, platformName: WINDOWS, proxy: Proxy(), se:cdp: ws://localhost:53828/devtoo..., se:cdpVersion: 107.0.5304.107, setWindowRect: true, strictFileInteractability: false, timeouts: {implicit: 0, pageLoad: 300000, script: 30000}, unhandledPromptBehavior: dismiss and notify, webauthn:extension:credBlob: true, webauthn:extension:largeBlob: true, webauthn:virtualAuthenticators: true}
Element: [[ChromeDriver: chrome on WINDOWS (a2b72df631cf4bb9ea6ba6879167dca7)] -> xpath: (//input[@class='radio'])[3]]
Session ID: a2b72df631cf4bb9ea6ba6879167dca7]]>
            </message>
            <full-stacktrace>
              <![CDATA[org.openqa.selenium.ElementClickInterceptedException: element click intercepted: Element <input type="radio" name="payment[method]" class="radio" data-bind="
                    attr: {'id': getCode()},
                    value: getCode(),
                    checked: isChecked,
                    click: selectPaymentMethod,
                    visible: isRadioButtonVisible()" id="braintree" value="braintree"> is not clickable at point (618, 503). Other element would receive the click: <div id="checkout-loader" data-role="checkout-loader" class="loading-mask">...</div>
  (Session info: chrome=107.0.5304.107)
Build info: version: '4.3.0', revision: 'a4995e2c09*'
System info: host: 'DESKTOP-18BP1P8', ip: '192.168.1.11', os.name: 'Windows 10', os.arch: 'amd64', os.version: '10.0', java.version: '11.0.8'
Driver info: org.openqa.selenium.chrome.ChromeDriver
Command: [a2b72df631cf4bb9ea6ba6879167dca7, clickElement {id=bde0f1b0-6b7b-43bc-9963-68ff84203586}]
Capabilities {acceptInsecureCerts: false, browserName: chrome, browserVersion: 107.0.5304.107, chrome: {chromedriverVersion: 107.0.5304.62 (1eec40d3a576..., userDataDir: C:\Users\gwl\AppData\Local\...}, goog:chromeOptions: {debuggerAddress: localhost:53828}, networkConnectionEnabled: false, pageLoadStrategy: normal, platformName: WINDOWS, proxy: Proxy(), se:cdp: ws://localhost:53828/devtoo..., se:cdpVersion: 107.0.5304.107, setWindowRect: true, strictFileInteractability: false, timeouts: {implicit: 0, pageLoad: 300000, script: 30000}, unhandledPromptBehavior: dismiss and notify, webauthn:extension:credBlob: true, webauthn:extension:largeBlob: true, webauthn:virtualAuthenticators: true}
Element: [[ChromeDriver: chrome on WINDOWS (a2b72df631cf4bb9ea6ba6879167dca7)] -> xpath: (//input[@class='radio'])[3]]
Session ID: a2b72df631cf4bb9ea6ba6879167dca7
at java.base/jdk.internal.reflect.NativeConstructorAccessorImpl.newInstance0(Native Method)
at java.base/jdk.internal.reflect.NativeConstructorAccessorImpl.newInstance(NativeConstructorAccessorImpl.java:62)
at java.base/jdk.internal.reflect.DelegatingConstructorAccessorImpl.newInstance(DelegatingConstructorAccessorImpl.java:45)
at java.base/java.lang.reflect.Constructor.newInstance(Constructor.java:490)
at org.openqa.selenium.remote.codec.w3c.W3CHttpResponseCodec.createException(W3CHttpResponseCodec.java:200)
at org.openqa.selenium.remote.codec.w3c.W3CHttpResponseCodec.decode(W3CHttpResponseCodec.java:133)
at org.openqa.selenium.remote.codec.w3c.W3CHttpResponseCodec.decode(W3CHttpResponseCodec.java:53)
at org.openqa.selenium.remote.HttpCommandExecutor.execute(HttpCommandExecutor.java:184)
at org.openqa.selenium.remote.service.DriverCommandExecutor.invokeExecute(DriverCommandExecutor.java:167)
at org.openqa.selenium.remote.service.DriverCommandExecutor.execute(DriverCommandExecutor.java:142)
at org.openqa.selenium.remote.RemoteWebDriver.execute(RemoteWebDriver.java:569)
at org.openqa.selenium.remote.RemoteWebElement.execute(RemoteWebElement.java:257)
at org.openqa.selenium.remote.RemoteWebElement.click(RemoteWebElement.java:78)
at POM_Classes.Mirafit_CheckOut_Pre_Production_Pom.Click_Checkout(Mirafit_CheckOut_Pre_Production_Pom.java:176)
at POM_Classes.Mirafit_CheckOut_Pre_Production_Pom.Checkout_steps(Mirafit_CheckOut_Pre_Production_Pom.java:254)
at Test_Classes.Mirafit_CheckOut_Pre_Production_Test.CheckOut(Mirafit_CheckOut_Pre_Production_Test.java:54)
at java.base/jdk.internal.reflect.NativeMethodAccessorImpl.invoke0(Native Method)
at java.base/jdk.internal.reflect.NativeMethodAccessorImpl.invoke(NativeMethodAccessorImpl.java:62)
at java.base/jdk.internal.reflect.DelegatingMethodAccessorImpl.invoke(DelegatingMethodAccessorImpl.java:43)
at java.base/java.lang.reflect.Method.invoke(Method.java:566)
at org.testng.internal.MethodInvocationHelper.invokeMethod(MethodInvocationHelper.java:133)
at org.testng.internal.TestInvoker.invokeMethod(TestInvoker.java:598)
at org.testng.internal.TestInvoker.invokeTestMethod(TestInvoker.java:173)
at org.testng.internal.MethodRunner.runInSequence(MethodRunner.java:46)
at org.testng.internal.TestInvoker$MethodInvocationAgent.invoke(TestInvoker.java:824)
at org.testng.internal.TestInvoker.invokeTestMethods(TestInvoker.java:146)
at org.testng.internal.TestMethodWorker.invokeTestMethods(TestMethodWorker.java:146)
at org.testng.internal.TestMethodWorker.run(TestMethodWorker.java:128)
at java.base/java.util.ArrayList.forEach(ArrayList.java:1541)
at org.testng.TestRunner.privateRun(TestRunner.java:794)
at org.testng.TestRunner.run(TestRunner.java:596)
at org.testng.SuiteRunner.runTest(SuiteRunner.java:377)
at org.testng.SuiteRunner.runSequentially(SuiteRunner.java:371)
at org.testng.SuiteRunner.privateRun(SuiteRunner.java:332)
at org.testng.SuiteRunner.run(SuiteRunner.java:276)
at org.testng.SuiteRunnerWorker.runSuite(SuiteRunnerWorker.java:53)
at org.testng.SuiteRunnerWorker.run(SuiteRunnerWorker.java:96)
at org.testng.TestNG.runSuitesSequentially(TestNG.java:1212)
at org.testng.TestNG.runSuitesLocally(TestNG.java:1134)
at org.testng.TestNG.runSuites(TestNG.java:1063)
at org.testng.TestNG.run(TestNG.java:1031)
at org.apache.maven.surefire.testng.TestNGExecutor.run(TestNGExecutor.java:324)
at org.apache.maven.surefire.testng.TestNGXmlTestSuite.execute(TestNGXmlTestSuite.java:74)
at org.apache.maven.surefire.testng.TestNGProvider.invoke(TestNGProvider.java:123)
at org.apache.maven.surefire.booter.ForkedBooter.runSuitesInProcess(ForkedBooter.java:456)
at org.apache.maven.surefire.booter.ForkedBooter.execute(ForkedBooter.java:169)
at org.apache.maven.surefire.booter.ForkedBooter.run(ForkedBooter.java:595)
at org.apache.maven.surefire.booter.ForkedBooter.main(ForkedBooter.java:581)
]]>
            </full-stacktrace>
          </exception> <!-- org.openqa.selenium.ElementClickInterceptedException -->
          <reporter-output>
            <line>
              <![CDATA[ABC Abc
adb@mailinator.com]]>
            </line>
            <line>
              <![CDATA[ ]]>
            </line>
            <line>
              <![CDATA[The product list on page is -11.95%
Mirafit Gym Wall Flag - Union Jack
£7.00 £7.95
ADD TO CART
Mirafit Gym Wall Flag - Fit Dont Quit
£7.95
ADD TO CART
Mirafit Men's Black Gym T-Shirt
Out of stock
Mirafit Women's Black Gym T-Shirt
From £17.95
VIEW DETAILS
Mirafit Men's White Gym T-Shirt
Out of stock
Mirafit Women's White Gym T-Shirt
From £17.95
VIEW DETAILS
Sale
Mirafit Grey Marl Gym T-Shirt
From £10.00
£17.95
VIEW DETAILS
Mirafit Men's Black Long Sleeve Base Layer
Out of stock
Mirafit Badge Patches
From £4.95
VIEW DETAILS
Mirafit Bumper Plate Drinks Coasters Set
£9.95
ADD TO CART
Mirafit Orange Gym T-Shirt
From £17.95
VIEW DETAILS
Mirafit Men's Fitted Gym T-Shirt
From £17.95
VIEW DETAILS]]>
            </line>
            <line>
              <![CDATA[Product Image Displayed]]>
            </line>
            <line>
              <![CDATA[ ]]>
            </line>
            <line>
              <![CDATA[Clicked on wishlist Icon]]>
            </line>
            <line>
              <![CDATA[ ]]>
            </line>
            <line>
              <![CDATA[Mirafit Gym Wall Flag - Fit Dont Quit has been added to your Wish List. Click here to continue shopping.]]>
            </line>
            <line>
              <![CDATA[ ]]>
            </line>
            <line>
              <![CDATA[Clicked on continue here link]]>
            </line>
            <line>
              <![CDATA[ ]]>
            </line>
            <line>
              <![CDATA[Clicked on product name link]]>
            </line>
            <line>
              <![CDATA[ ]]>
            </line>
            <line>
              <![CDATA[ The Product is IN STOCK]]>
            </line>
            <line>
              <![CDATA[ ]]>
            </line>
            <line>
              <![CDATA[1  Review Add Your Review]]>
            </line>
            <line>
              <![CDATA[ ]]>
            </line>
            <line>
              <![CDATA[Clicked on Add to cart button]]>
            </line>
            <line>
              <![CDATA[ ]]>
            </line>
            <line>
              <![CDATA[Navigated to cart page]]>
            </line>
            <line>
              <![CDATA[ ]]>
            </line>
            <line>
              <![CDATA[The URL for Checkout is https://preprod.mirafit.co.uk/onestepcheckout.html]]>
            </line>
            <line>
              <![CDATA[ ]]>
            </line>
          </reporter-output>
        </test-method> <!-- CheckOut -->
        <test-method is-config="true" signature="Close_Browser()[pri:0, instance:Test_Classes.Mirafit_CheckOut_Pre_Production_Test@6392827e]" started-at="2022-11-17T17:11:53 IST" name="Close_Browser" finished-at="2022-11-17T17:12:12 IST" duration-ms="18267" status="PASS">
          <reporter-output>
          </reporter-output>
        </test-method> <!-- Close_Browser -->
      </class> <!-- Test_Classes.Mirafit_CheckOut_Pre_Production_Test -->
    </test> <!-- Test -->
  </suite> <!-- Suite -->
</testng-results>
