<?xml version="1.0" encoding="UTF-8"?>
<testng-results ignored="0" total="1" passed="1" failed="0" skipped="0">
  <reporter-output>
    <line>
      <![CDATA[ABC Abc
adb@mailinator.com]]>
    </line>
    <line>
      <![CDATA[ ]]>
    </line>
    <line>
      <![CDATA[The product list on page is Mirafit Gym Wall Flag - Union Jack]]>
    </line>
    <line>
      <![CDATA[ ]]>
    </line>
    <line>
      <![CDATA[The product list on page is Mirafit Gym Wall Flag - Fit Dont Quit]]>
    </line>
    <line>
      <![CDATA[ ]]>
    </line>
    <line>
      <![CDATA[The product list on page is Mirafit Men's Black Gym T-Shirt]]>
    </line>
    <line>
      <![CDATA[ ]]>
    </line>
    <line>
      <![CDATA[The product list on page is Mirafit Women's Black Gym T-Shirt]]>
    </line>
    <line>
      <![CDATA[ ]]>
    </line>
    <line>
      <![CDATA[The product list on page is Mirafit Men's White Gym T-Shirt]]>
    </line>
    <line>
      <![CDATA[ ]]>
    </line>
    <line>
      <![CDATA[The product list on page is Mirafit Women's White Gym T-Shirt]]>
    </line>
    <line>
      <![CDATA[ ]]>
    </line>
    <line>
      <![CDATA[The product list on page is Mirafit Grey Marl Gym T-Shirt]]>
    </line>
    <line>
      <![CDATA[ ]]>
    </line>
    <line>
      <![CDATA[The product list on page is Mirafit Men's Black Long Sleeve Base Layer]]>
    </line>
    <line>
      <![CDATA[ ]]>
    </line>
    <line>
      <![CDATA[The product list on page is Mirafit Badge Patches]]>
    </line>
    <line>
      <![CDATA[ ]]>
    </line>
    <line>
      <![CDATA[The product list on page is Mirafit Bumper Plate Drinks Coasters Set]]>
    </line>
    <line>
      <![CDATA[ ]]>
    </line>
    <line>
      <![CDATA[The product list on page is Mirafit Orange Gym T-Shirt]]>
    </line>
    <line>
      <![CDATA[ ]]>
    </line>
    <line>
      <![CDATA[The product list on page is Mirafit Men's Fitted Gym T-Shirt]]>
    </line>
    <line>
      <![CDATA[ ]]>
    </line>
    <line>
      <![CDATA[Product Image Displayed]]>
    </line>
    <line>
      <![CDATA[ ]]>
    </line>
    <line>
      <![CDATA[Clicked on wishlist Icon]]>
    </line>
    <line>
      <![CDATA[ ]]>
    </line>
    <line>
      <![CDATA[Mirafit Gym Wall Flag - Fit Dont Quit has been added to your Wish List. Click here to continue shopping.]]>
    </line>
    <line>
      <![CDATA[ ]]>
    </line>
    <line>
      <![CDATA[Clicked on continue here link]]>
    </line>
    <line>
      <![CDATA[ ]]>
    </line>
    <line>
      <![CDATA[Clicked on product name link]]>
    </line>
    <line>
      <![CDATA[ ]]>
    </line>
    <line>
      <![CDATA[ The Product is IN STOCK]]>
    </line>
    <line>
      <![CDATA[ ]]>
    </line>
    <line>
      <![CDATA[1  Review Add Your Review]]>
    </line>
    <line>
      <![CDATA[ ]]>
    </line>
    <line>
      <![CDATA[Clicked on Add to cart button]]>
    </line>
    <line>
      <![CDATA[ ]]>
    </line>
    <line>
      <![CDATA[Navigated to cart page]]>
    </line>
    <line>
      <![CDATA[ ]]>
    </line>
    <line>
      <![CDATA[The URL for Checkout is https://preprod.mirafit.co.uk/onestepcheckout.html]]>
    </line>
    <line>
      <![CDATA[ ]]>
    </line>
    <line>
      <![CDATA[Selected payment by card ]]>
    </line>
    <line>
      <![CDATA[ ]]>
    </line>
    <line>
      <![CDATA[The Card Number is entered]]>
    </line>
    <line>
      <![CDATA[ ]]>
    </line>
    <line>
      <![CDATA[The Card Expiration date is entered]]>
    </line>
    <line>
      <![CDATA[ ]]>
    </line>
    <line>
      <![CDATA[The Card CVV Number is entered]]>
    </line>
    <line>
      <![CDATA[ ]]>
    </line>
    <line>
      <![CDATA[Clicked on Place order button]]>
    </line>
    <line>
      <![CDATA[ ]]>
    </line>
    <line>
      <![CDATA[Your order number is: 101486431]]>
    </line>
    <line>
      <![CDATA[ ]]>
    </line>
    <line>
      <![CDATA[We'll email you an order confirmation with details and tracking info.]]>
    </line>
    <line>
      <![CDATA[ ]]>
    </line>
    <line>
      <![CDATA[Clicked on log out]]>
    </line>
    <line>
      <![CDATA[ ]]>
    </line>
    <line>
      <![CDATA[Successfully Logged Out]]>
    </line>
    <line>
      <![CDATA[ ]]>
    </line>
  </reporter-output>
  <suite started-at="2022-11-18T16:37:51 IST" name="Default suite" finished-at="2022-11-18T16:43:07 IST" duration-ms="316434">
    <groups>
    </groups>
    <test started-at="2022-11-18T16:37:51 IST" name="Default test" finished-at="2022-11-18T16:43:07 IST" duration-ms="316434">
      <class name="Test_Classes.Mirafit_CheckOut_Pre_Production_Test">
        <test-method is-config="true" signature="Open_Browser()[pri:0, instance:Test_Classes.Mirafit_CheckOut_Pre_Production_Test@f0da945]" started-at="2022-11-18T16:37:51 IST" name="Open_Browser" finished-at="2022-11-18T16:38:11 IST" duration-ms="20372" status="PASS">
          <reporter-output>
          </reporter-output>
        </test-method> <!-- Open_Browser -->
        <test-method signature="CheckOut()[pri:0, instance:Test_Classes.Mirafit_CheckOut_Pre_Production_Test@f0da945]" started-at="2022-11-18T16:38:11 IST" name="CheckOut" finished-at="2022-11-18T16:43:05 IST" duration-ms="293644" status="PASS">
          <reporter-output>
            <line>
              <![CDATA[ABC Abc
adb@mailinator.com]]>
            </line>
            <line>
              <![CDATA[ ]]>
            </line>
            <line>
              <![CDATA[The product list on page is Mirafit Gym Wall Flag - Union Jack]]>
            </line>
            <line>
              <![CDATA[ ]]>
            </line>
            <line>
              <![CDATA[The product list on page is Mirafit Gym Wall Flag - Fit Dont Quit]]>
            </line>
            <line>
              <![CDATA[ ]]>
            </line>
            <line>
              <![CDATA[The product list on page is Mirafit Men's Black Gym T-Shirt]]>
            </line>
            <line>
              <![CDATA[ ]]>
            </line>
            <line>
              <![CDATA[The product list on page is Mirafit Women's Black Gym T-Shirt]]>
            </line>
            <line>
              <![CDATA[ ]]>
            </line>
            <line>
              <![CDATA[The product list on page is Mirafit Men's White Gym T-Shirt]]>
            </line>
            <line>
              <![CDATA[ ]]>
            </line>
            <line>
              <![CDATA[The product list on page is Mirafit Women's White Gym T-Shirt]]>
            </line>
            <line>
              <![CDATA[ ]]>
            </line>
            <line>
              <![CDATA[The product list on page is Mirafit Grey Marl Gym T-Shirt]]>
            </line>
            <line>
              <![CDATA[ ]]>
            </line>
            <line>
              <![CDATA[The product list on page is Mirafit Men's Black Long Sleeve Base Layer]]>
            </line>
            <line>
              <![CDATA[ ]]>
            </line>
            <line>
              <![CDATA[The product list on page is Mirafit Badge Patches]]>
            </line>
            <line>
              <![CDATA[ ]]>
            </line>
            <line>
              <![CDATA[The product list on page is Mirafit Bumper Plate Drinks Coasters Set]]>
            </line>
            <line>
              <![CDATA[ ]]>
            </line>
            <line>
              <![CDATA[The product list on page is Mirafit Orange Gym T-Shirt]]>
            </line>
            <line>
              <![CDATA[ ]]>
            </line>
            <line>
              <![CDATA[The product list on page is Mirafit Men's Fitted Gym T-Shirt]]>
            </line>
            <line>
              <![CDATA[ ]]>
            </line>
            <line>
              <![CDATA[Product Image Displayed]]>
            </line>
            <line>
              <![CDATA[ ]]>
            </line>
            <line>
              <![CDATA[Clicked on wishlist Icon]]>
            </line>
            <line>
              <![CDATA[ ]]>
            </line>
            <line>
              <![CDATA[Mirafit Gym Wall Flag - Fit Dont Quit has been added to your Wish List. Click here to continue shopping.]]>
            </line>
            <line>
              <![CDATA[ ]]>
            </line>
            <line>
              <![CDATA[Clicked on continue here link]]>
            </line>
            <line>
              <![CDATA[ ]]>
            </line>
            <line>
              <![CDATA[Clicked on product name link]]>
            </line>
            <line>
              <![CDATA[ ]]>
            </line>
            <line>
              <![CDATA[ The Product is IN STOCK]]>
            </line>
            <line>
              <![CDATA[ ]]>
            </line>
            <line>
              <![CDATA[1  Review Add Your Review]]>
            </line>
            <line>
              <![CDATA[ ]]>
            </line>
            <line>
              <![CDATA[Clicked on Add to cart button]]>
            </line>
            <line>
              <![CDATA[ ]]>
            </line>
            <line>
              <![CDATA[Navigated to cart page]]>
            </line>
            <line>
              <![CDATA[ ]]>
            </line>
            <line>
              <![CDATA[The URL for Checkout is https://preprod.mirafit.co.uk/onestepcheckout.html]]>
            </line>
            <line>
              <![CDATA[ ]]>
            </line>
            <line>
              <![CDATA[Selected payment by card ]]>
            </line>
            <line>
              <![CDATA[ ]]>
            </line>
            <line>
              <![CDATA[The Card Number is entered]]>
            </line>
            <line>
              <![CDATA[ ]]>
            </line>
            <line>
              <![CDATA[The Card Expiration date is entered]]>
            </line>
            <line>
              <![CDATA[ ]]>
            </line>
            <line>
              <![CDATA[The Card CVV Number is entered]]>
            </line>
            <line>
              <![CDATA[ ]]>
            </line>
            <line>
              <![CDATA[Clicked on Place order button]]>
            </line>
            <line>
              <![CDATA[ ]]>
            </line>
            <line>
              <![CDATA[Your order number is: 101486431]]>
            </line>
            <line>
              <![CDATA[ ]]>
            </line>
            <line>
              <![CDATA[We'll email you an order confirmation with details and tracking info.]]>
            </line>
            <line>
              <![CDATA[ ]]>
            </line>
            <line>
              <![CDATA[Clicked on log out]]>
            </line>
            <line>
              <![CDATA[ ]]>
            </line>
            <line>
              <![CDATA[Successfully Logged Out]]>
            </line>
            <line>
              <![CDATA[ ]]>
            </line>
          </reporter-output>
        </test-method> <!-- CheckOut -->
        <test-method is-config="true" signature="Close_Browser()[pri:0, instance:Test_Classes.Mirafit_CheckOut_Pre_Production_Test@f0da945]" started-at="2022-11-18T16:43:05 IST" name="Close_Browser" finished-at="2022-11-18T16:43:07 IST" duration-ms="2384" status="PASS">
          <reporter-output>
          </reporter-output>
        </test-method> <!-- Close_Browser -->
      </class> <!-- Test_Classes.Mirafit_CheckOut_Pre_Production_Test -->
    </test> <!-- Default test -->
  </suite> <!-- Default suite -->
</testng-results>
